Build started 6/23/2013 3:17:20 PM.
     1>Project "C:\Users\Cory\Desktop\RoivasEngine\Roivas\Roivas.vcxproj" on node 2 (Build target(s)).
     1>PrepareForBuild:
         Creating directory "C:\Users\Cory\Desktop\RoivasEngine\Release\".
       InitializeBuildStatus:
         Creating "Release\Roivas.unsuccessfulbuild" because "AlwaysCreate" was specified.
       ClCompile:
         C:\Program Files (x86)\Microsoft Visual Studio 11.0\VC\bin\CL.exe /c /IC:\Users\Cory\Desktop\RoivasEngine\assimp\include /IC:\Users\Cory\Desktop\RoivasEngine\jsoncpp\include /I"C:\Users\Cory\Dropbox\svn\Projects\RoivasEngine\freetype-2.3.5\include" /IC:\Users\Cory\Dropbox\svn\Projects\RoivasEngine\ftgl\src /IC:\Users\Cory\Dropbox\svn\Projects\RoivasEngine\glm /IC:\Users\Cory\Dropbox\svn\Projects\RoivasEngine\soil\src /IC:\Users\Cory\Dropbox\svn\Projects\RoivasEngine\glew\include /IC:\Users\Cory\Dropbox\svn\Projects\RoivasEngine\SDL\include /Zi /nologo /W3 /WX- /O2 /Oi /Oy- /GL /D _MBCS /Gm- /EHsc /MD /GS /Gy /fp:precise /Zc:wchar_t /Zc:forScope /Yc"CommonLibs.h" /Fp"Release\Roivas.pch" /Fo"Release\\" /Fd"C:\Users\Cory\Desktop\RoivasEngine\Release\Roivas.pdb" /Gd /TP /analyze- /errorReport:prompt CommonLibs.cpp
         CommonLibs.cpp
         C:\Program Files (x86)\Microsoft Visual Studio 11.0\VC\bin\CL.exe /c /IC:\Users\Cory\Desktop\RoivasEngine\assimp\include /IC:\Users\Cory\Desktop\RoivasEngine\jsoncpp\include /I"C:\Users\Cory\Dropbox\svn\Projects\RoivasEngine\freetype-2.3.5\include" /IC:\Users\Cory\Dropbox\svn\Projects\RoivasEngine\ftgl\src /IC:\Users\Cory\Dropbox\svn\Projects\RoivasEngine\glm /IC:\Users\Cory\Dropbox\svn\Projects\RoivasEngine\soil\src /IC:\Users\Cory\Dropbox\svn\Projects\RoivasEngine\glew\include /IC:\Users\Cory\Dropbox\svn\Projects\RoivasEngine\SDL\include /Zi /nologo /W3 /WX- /O2 /Oi /Oy- /GL /D _MBCS /Gm- /EHsc /MD /GS /Gy /fp:precise /Zc:wchar_t /Zc:forScope /Yu"CommonLibs.h" /Fp"Release\Roivas.pch" /Fo"Release\\" /Fd"C:\Users\Cory\Desktop\RoivasEngine\Release\Roivas.pdb" /Gd /TP /analyze- /errorReport:prompt ..\jsoncpp\src\lib_json\json_reader.cpp ..\jsoncpp\src\lib_json\json_value.cpp ..\jsoncpp\src\lib_json\json_writer.cpp Body.cpp Component.cpp Core.cpp Entity.cpp Factory.cpp FileIO.cpp Graphics.cpp Input.cpp Main.cpp Model.cpp Player.cpp Transform.cpp Window.cpp
         json_reader.cpp
         json_value.cpp
         json_writer.cpp
         Body.cpp
         Component.cpp
         Core.cpp
         Entity.cpp
         Factory.cpp
         FileIO.cpp
         Graphics.cpp
         Input.cpp
         Main.cpp
         Model.cpp
         Player.cpp
         Transform.cpp
         Window.cpp
       Link:
         C:\Program Files (x86)\Microsoft Visual Studio 11.0\VC\bin\link.exe /ERRORREPORT:PROMPT /OUT:"C:\Users\Cory\Desktop\RoivasEngine\Release\Roivas.exe" /INCREMENTAL:NO /NOLOGO /LIBPATH:C:\Users\Cory\Desktop\RoivasEngine\assimp\lib /LIBPATH:C:\Users\Cory\Desktop\RoivasEngine\jsoncpp\lib /LIBPATH:"C:\Users\Cory\Dropbox\svn\Projects\RoivasEngine\freetype-2.3.5\objs" /LIBPATH:C:\Users\Cory\Dropbox\svn\Projects\RoivasEngine\ftgl\lib /LIBPATH:C:\Users\Cory\Dropbox\svn\Projects\RoivasEngine\glm /LIBPATH:C:\Users\Cory\Dropbox\svn\Projects\RoivasEngine\soil\lib /LIBPATH:C:\Users\Cory\Dropbox\svn\Projects\RoivasEngine\glew /LIBPATH:C:\Users\Cory\Dropbox\svn\Projects\RoivasEngine\SDL\lib SDL.lib SDLmain.lib opengl32.lib glew32.lib SOIL.lib ftgl.lib "..\assimp\lib\assimp_release-dll_win32\assimp.lib" /MANIFEST /MANIFESTUAC:"level='asInvoker' uiAccess='false'" /manifest:embed /DEBUG /PDB:"C:\Users\Cory\Desktop\RoivasEngine\Release\Roivas.pdb" /SUBSYSTEM:WINDOWS /OPT:REF /OPT:ICF /LTCG /TLBID:1 /DYNAMICBASE /NXCOMPAT /IMPLIB:"C:\Users\Cory\Desktop\RoivasEngine\Release\Roivas.lib" /MACHINE:X86 /SAFESEH /NODEFAULTLIB:"LIBCMT" /LTCG Release\json_reader.obj
         Release\json_value.obj
         Release\json_writer.obj
         Release\Body.obj
         Release\CommonLibs.obj
         Release\Component.obj
         Release\Core.obj
         Release\Entity.obj
         Release\Factory.obj
         Release\FileIO.obj
         Release\Graphics.obj
         Release\Input.obj
         Release\Main.obj
         Release\Model.obj
         Release\Player.obj
         Release\Transform.obj
         Release\Window.obj
         Generating code
         Finished generating code
         Roivas.vcxproj -> C:\Users\Cory\Desktop\RoivasEngine\Release\Roivas.exe
       FinalizeBuildStatus:
         Deleting file "Release\Roivas.unsuccessfulbuild".
         Touching "Release\Roivas.lastbuildstate".
     1>Done Building Project "C:\Users\Cory\Desktop\RoivasEngine\Roivas\Roivas.vcxproj" (Build target(s)).

Build succeeded.

Time Elapsed 00:00:06.14
