Build started 5/21/2013 10:35:42 PM.
     1>Project "C:\Users\Cory\Desktop\Roivas\Roivas\Roivas.vcxproj" on node 2 (Build target(s)).
     1>PrepareForBuild:
         Creating directory "C:\Users\Cory\Desktop\Roivas\Debug\".
       InitializeBuildStatus:
         Creating "Debug\Roivas.unsuccessfulbuild" because "AlwaysCreate" was specified.
       ClCompile:
         C:\Program Files (x86)\Microsoft Visual Studio 11.0\VC\bin\CL.exe /c /I"C:\Users\Cory\Dropbox\svn\Projects\RoivasEngine\freetype-2.3.5\include" /IC:\Users\Cory\Dropbox\svn\Projects\RoivasEngine\ftgl\src /IC:\Users\Cory\Dropbox\svn\Projects\RoivasEngine\glm /IC:\Users\Cory\Dropbox\svn\Projects\RoivasEngine\soil\src /IC:\Users\Cory\Dropbox\svn\Projects\RoivasEngine\glew\include /IC:\Users\Cory\Dropbox\svn\Projects\RoivasEngine\SDL\include /Zi /nologo /W3 /WX- /Od /Oy- /D _MBCS /Gm /EHsc /RTC1 /MD /GS /fp:precise /Zc:wchar_t /Zc:forScope /Yc"CommonLibs.h" /Fp"Debug\Roivas.pch" /Fo"Debug\\" /Fd"Debug\vc110.pdb" /Gd /TP /analyze- /errorReport:prompt CommonLibs.cpp
         CommonLibs.cpp
         C:\Program Files (x86)\Microsoft Visual Studio 11.0\VC\bin\CL.exe /c /I"C:\Users\Cory\Dropbox\svn\Projects\RoivasEngine\freetype-2.3.5\include" /IC:\Users\Cory\Dropbox\svn\Projects\RoivasEngine\ftgl\src /IC:\Users\Cory\Dropbox\svn\Projects\RoivasEngine\glm /IC:\Users\Cory\Dropbox\svn\Projects\RoivasEngine\soil\src /IC:\Users\Cory\Dropbox\svn\Projects\RoivasEngine\glew\include /IC:\Users\Cory\Dropbox\svn\Projects\RoivasEngine\SDL\include /Zi /nologo /W3 /WX- /Od /Oy- /D _MBCS /Gm /EHsc /RTC1 /MD /GS /fp:precise /Zc:wchar_t /Zc:forScope /Yu"CommonLibs.h" /Fp"Debug\Roivas.pch" /Fo"Debug\\" /Fd"Debug\vc110.pdb" /Gd /TP /analyze- /errorReport:prompt Core.cpp Graphics.cpp Input.cpp Main.cpp Window.cpp
         Window.cpp
         Main.cpp
         Input.cpp
         Graphics.cpp
         Core.cpp
         Generating Code...
       Link:
         C:\Program Files (x86)\Microsoft Visual Studio 11.0\VC\bin\link.exe /ERRORREPORT:PROMPT /OUT:"C:\Users\Cory\Desktop\Roivas\Debug\Roivas.exe" /INCREMENTAL:NO /NOLOGO /LIBPATH:"C:\Users\Cory\Dropbox\svn\Projects\RoivasEngine\freetype-2.3.5\objs" /LIBPATH:C:\Users\Cory\Dropbox\svn\Projects\RoivasEngine\ftgl\lib /LIBPATH:C:\Users\Cory\Dropbox\svn\Projects\RoivasEngine\glm /LIBPATH:C:\Users\Cory\Dropbox\svn\Projects\RoivasEngine\soil\lib /LIBPATH:C:\Users\Cory\Dropbox\svn\Projects\RoivasEngine\glew /LIBPATH:C:\Users\Cory\Dropbox\svn\Projects\RoivasEngine\SDL\lib SDL.lib SDLmain.lib opengl32.lib glew32.lib SOIL.lib ftgl.lib /MANIFEST /MANIFESTUAC:"level='asInvoker' uiAccess='false'" /manifest:embed /DEBUG /PDB:"Debug\vc110.pdb" /SUBSYSTEM:CONSOLE /TLBID:1 /DYNAMICBASE /NXCOMPAT /IMPLIB:"C:\Users\Cory\Desktop\Roivas\Debug\Roivas.lib" /MACHINE:X86 /NODEFAULTLIB:"LIBCMT" /LTCG Debug\CommonLibs.obj
         Debug\Core.obj
         Debug\Graphics.obj
         Debug\Input.obj
         Debug\Main.obj
         Debug\Window.obj
         Generating code
         Finished generating code
     1>SOIL.lib(SOIL.obj) : warning LNK4099: PDB 'vc110.pdb' was not found with 'SOIL.lib(SOIL.obj)' or at 'C:\Users\Cory\Desktop\Roivas\Roivas\Debug\vc110.pdb'; linking object as if no debug info
     1>SOIL.lib(stb_image_aug.obj) : warning LNK4099: PDB 'vc110.pdb' was not found with 'SOIL.lib(stb_image_aug.obj)' or at 'C:\Users\Cory\Desktop\Roivas\Roivas\Debug\vc110.pdb'; linking object as if no debug info
     1>SOIL.lib(image_helper.obj) : warning LNK4099: PDB 'vc110.pdb' was not found with 'SOIL.lib(image_helper.obj)' or at 'C:\Users\Cory\Desktop\Roivas\Roivas\Debug\vc110.pdb'; linking object as if no debug info
     1>SOIL.lib(image_DXT.obj) : warning LNK4099: PDB 'vc110.pdb' was not found with 'SOIL.lib(image_DXT.obj)' or at 'C:\Users\Cory\Desktop\Roivas\Roivas\Debug\vc110.pdb'; linking object as if no debug info
         Roivas.vcxproj -> C:\Users\Cory\Desktop\Roivas\Debug\Roivas.exe
       FinalizeBuildStatus:
         Deleting file "Debug\Roivas.unsuccessfulbuild".
         Touching "Debug\Roivas.lastbuildstate".
     1>Done Building Project "C:\Users\Cory\Desktop\Roivas\Roivas\Roivas.vcxproj" (Build target(s)).

Build succeeded.

Time Elapsed 00:00:04.84
