Build started 6/20/2013 3:21:37 PM.
     1>Project "C:\Users\Cory\Downloads\jsoncpp-src-0.5.0\makefiles\vs71\lib_json.vcxproj" on node 2 (Build target(s)).
     1>InitializeBuildStatus:
         Creating "../../build/vs71/debug/lib_json\lib_json.unsuccessfulbuild" because "AlwaysCreate" was specified.
       ClCompile:
         C:\Program Files (x86)\Microsoft Visual Studio 11.0\VC\bin\CL.exe /c /I../../include /ZI /nologo /W3 /WX- /Od /Oy- /D WIN32 /D _DEBUG /D _LIB /D _MBCS /GF /Gm /EHsc /RTC1 /MTd /GS /Gy /fp:precise /Za /Zc:wchar_t /Zc:forScope- /GR /Fo"../../build/vs71/debug/lib_json\\" /Fd"../../build/vs71/debug/lib_json\vc110.pdb" /Gd /TP /analyze- /errorReport:prompt ..\..\src\lib_json\json_reader.cpp ..\..\src\lib_json\json_value.cpp ..\..\src\lib_json\json_writer.cpp
         json_writer.cpp
         json_value.cpp
         json_reader.cpp
         Generating Code...
     1>C:\Program Files (x86)\MSBuild\Microsoft.Cpp\v4.0\V110\Microsoft.CppBuild.targets(1299,5): warning MSB8012: TargetPath(C:\Users\Cory\Downloads\jsoncpp-src-0.5.0\makefiles\vs71\../../build/vs71/debug/lib_json\lib_json.lib) does not match the Library's OutputFile property value (C:\Users\Cory\Downloads\jsoncpp-src-0.5.0\build\vs71\debug\lib_json\json_vc71_libmtd.lib). This may cause your project to build incorrectly. To correct this, please make sure that $(OutDir), $(TargetName) and $(TargetExt) property values match the value specified in %(Lib.OutputFile).
     1>C:\Program Files (x86)\MSBuild\Microsoft.Cpp\v4.0\V110\Microsoft.CppBuild.targets(1301,5): warning MSB8012: TargetName(lib_json) does not match the Library's OutputFile property value (json_vc71_libmtd). This may cause your project to build incorrectly. To correct this, please make sure that $(OutDir), $(TargetName) and $(TargetExt) property values match the value specified in %(Lib.OutputFile).
       Lib:
         C:\Program Files (x86)\Microsoft Visual Studio 11.0\VC\bin\Lib.exe /OUT:"../../build/vs71/debug/lib_json\json_vc71_libmtd.lib" /NOLOGO ../../build/vs71/debug/lib_json\json_reader.obj
         ../../build/vs71/debug/lib_json\json_value.obj
         ../../build/vs71/debug/lib_json\json_writer.obj
         lib_json.vcxproj -> C:\Users\Cory\Downloads\jsoncpp-src-0.5.0\makefiles\vs71\../../build/vs71/debug/lib_json\lib_json.lib
       FinalizeBuildStatus:
         Deleting file "../../build/vs71/debug/lib_json\lib_json.unsuccessfulbuild".
         Touching "../../build/vs71/debug/lib_json\lib_json.lastbuildstate".
     1>Done Building Project "C:\Users\Cory\Downloads\jsoncpp-src-0.5.0\makefiles\vs71\lib_json.vcxproj" (Build target(s)).

Build succeeded.

Time Elapsed 00:00:03.22
